2020-06-02 18:01:21,276 - my_logger - INFO - Test logging, post_list view before 
2020-06-02 18:01:21,276 - my_logger - INFO - Test logging, post_list view after
2020-06-02 18:01:22,862 - my_logger - INFO - Test logging, post_list view before 
2020-06-02 18:01:22,862 - my_logger - INFO - Test logging, post_list view after
2020-06-02 18:02:28,505 - my_logger - INFO - Test logging, post_list view before 
2020-06-02 18:02:28,505 - my_logger - INFO - Test logging, post_list view after
2020-06-02 18:02:30,884 - my_logger - INFO - Test logging, post_list view before 
2020-06-02 18:02:30,884 - my_logger - INFO - Test logging, post_list view after
2020-06-02 18:04:54,744 - my_logger - INFO - Test logging, post_list view before 
2020-06-02 18:04:54,744 - my_logger - INFO - Test logging, post_list view after
INFO 2020-06-02 18:05:27,197 views 7028 14464 Test logging, post_list view before 
INFO 2020-06-02 18:05:27,201 views 7028 14464 Test logging, post_list view after
INFO 2020-06-02 18:05:28,700 views 7028 14464 Test logging, post_list view before 
INFO 2020-06-02 18:05:28,700 views 7028 14464 Test logging, post_list view after
2020-06-02 18:07:34,423 - views - 13912 - 1020 - INFO - Test logging, post_list view before 
2020-06-02 18:07:34,427 - views - 13912 - 1020 - INFO - Test logging, post_list view after
2020-06-02 18:07:35,847 - views - 13912 - 1020 - INFO - Test logging, post_list view before 
2020-06-02 18:07:35,847 - views - 13912 - 1020 - INFO - Test logging, post_list view after
2020-06-02 18:07:36,832 - views - 13912 - 1020 - INFO - Test logging, post_list view before 
2020-06-02 18:07:36,836 - views - 13912 - 1020 - INFO - Test logging, post_list view after
2020-06-02 18:39:13,227 - views - 13632 - 19880 - INFO - Test logging, post_list view before 
2020-06-02 18:39:13,227 - views - 13632 - 19880 - INFO - Test logging, post_list view after
2020-06-02 18:41:13,789 - views - 13964 - 19560 - INFO - Test logging, post_list view before 
2020-06-02 18:41:13,789 - views - 13964 - 19560 - INFO - Test logging, post_list view after
2020-06-02 18:43:10,611 - views - 15452 - 7212 - INFO - Test logging, post_list view before 
2020-06-02 18:43:10,611 - views - 15452 - 7212 - INFO - Test logging, post_list view after
2020-06-02 18:44:43,786 - views - 15452 - 13096 - INFO - Test logging, post_list view before 
2020-06-02 18:44:43,790 - views - 15452 - 13096 - INFO - Test logging, post_list view after
2020-06-02 18:46:53,304 - views - 15452 - 13096 - INFO - Test logging, post_list view before 
2020-06-02 18:46:53,304 - views - 15452 - 13096 - INFO - Test logging, post_list view after
2020-06-02 19:53:36,468 - views - 17084 - 15040 - INFO - Test logging, post_list view before 
2020-06-02 19:53:36,468 - views - 17084 - 15040 - INFO - Test logging, post_list view after
2020-06-02 19:53:43,385 - views - 17084 - 15040 - INFO - Test logging, post_list view before 
2020-06-02 19:53:43,385 - views - 17084 - 15040 - INFO - Test logging, post_list view after
2020-06-02 19:54:23,432 - views - 17084 - 15040 - INFO - Test logging, post_list view before 
2020-06-02 19:54:23,432 - views - 17084 - 15040 - INFO - Test logging, post_list view after
2020-06-02 19:54:34,658 - views - 17084 - 15040 - INFO - Test logging, post_list view before 
2020-06-02 19:54:34,658 - views - 17084 - 15040 - INFO - Test logging, post_list view after
2020-06-02 19:54:41,211 - views - 17084 - 15040 - INFO - Test logging, post_list view before 
2020-06-02 19:54:41,211 - views - 17084 - 15040 - INFO - Test logging, post_list view after
2020-06-02 19:54:47,722 - views - 17084 - 15040 - INFO - Test logging, post_list view before 
2020-06-02 19:54:47,722 - views - 17084 - 15040 - INFO - Test logging, post_list view after
2020-06-02 19:54:53,633 - views - 17084 - 15040 - INFO - Test logging, post_list view before 
2020-06-02 19:54:53,633 - views - 17084 - 15040 - INFO - Test logging, post_list view after
2020-06-02 19:54:58,036 - views - 17084 - 15040 - INFO - Test logging, post_list view before 
2020-06-02 19:54:58,036 - views - 17084 - 15040 - INFO - Test logging, post_list view after
2020-06-02 19:55:05,366 - views - 17084 - 15040 - INFO - Test logging, post_list view before 
2020-06-02 19:55:05,366 - views - 17084 - 15040 - INFO - Test logging, post_list view after
2020-06-02 19:55:10,782 - views - 17084 - 15040 - INFO - Test logging, post_list view before 
2020-06-02 19:55:10,782 - views - 17084 - 15040 - INFO - Test logging, post_list view after
2020-06-02 19:55:15,166 - views - 17084 - 15040 - INFO - Test logging, post_list view before 
2020-06-02 19:55:15,166 - views - 17084 - 15040 - INFO - Test logging, post_list view after
2020-06-02 19:55:20,122 - views - 17084 - 15040 - INFO - Test logging, post_list view before 
2020-06-02 19:55:20,122 - views - 17084 - 15040 - INFO - Test logging, post_list view after
2020-06-02 19:55:22,063 - views - 17084 - 15040 - INFO - Test logging, post_list view before 
2020-06-02 19:55:22,064 - views - 17084 - 15040 - INFO - Test logging, post_list view after
2020-06-02 19:55:28,166 - views - 17084 - 15040 - INFO - Test logging, post_list view before 
2020-06-02 19:55:28,166 - views - 17084 - 15040 - INFO - Test logging, post_list view after
2020-06-02 19:55:55,991 - views - 17084 - 15040 - INFO - Test logging, post_list view before 
2020-06-02 19:55:55,991 - views - 17084 - 15040 - INFO - Test logging, post_list view after
2020-06-02 19:56:02,251 - views - 17084 - 15040 - INFO - Test logging, post_list view before 
2020-06-02 19:56:02,251 - views - 17084 - 15040 - INFO - Test logging, post_list view after
2020-06-02 19:56:19,722 - views - 17084 - 15040 - INFO - Test logging, post_list view before 
2020-06-02 19:56:19,722 - views - 17084 - 15040 - INFO - Test logging, post_list view after
2020-06-02 19:56:43,534 - views - 17084 - 15040 - INFO - Test logging, post_list view before 
2020-06-02 19:56:43,535 - views - 17084 - 15040 - INFO - Test logging, post_list view after
2020-06-02 19:57:14,327 - views - 17084 - 15040 - INFO - Test logging, post_list view before 
2020-06-02 19:57:14,327 - views - 17084 - 15040 - INFO - Test logging, post_list view after
2020-06-02 19:59:21,380 - views - 17084 - 15040 - INFO - Test logging, post_list view before 
2020-06-02 19:59:21,380 - views - 17084 - 15040 - INFO - Test logging, post_list view after
2020-06-02 19:59:24,814 - views - 17084 - 15040 - INFO - Test logging, post_list view before 
2020-06-02 19:59:24,814 - views - 17084 - 15040 - INFO - Test logging, post_list view after
2020-06-02 19:59:26,675 - views - 17084 - 15040 - INFO - Test logging, post_list view before 
2020-06-02 19:59:26,676 - views - 17084 - 15040 - INFO - Test logging, post_list view after
2020-06-02 19:59:36,460 - views - 17084 - 15040 - INFO - Test logging, post_list view before 
2020-06-02 19:59:36,460 - views - 17084 - 15040 - INFO - Test logging, post_list view after
2020-06-02 20:00:13,740 - views - 17084 - 15040 - INFO - Test logging, post_list view before 
2020-06-02 20:00:13,741 - views - 17084 - 15040 - INFO - Test logging, post_list view after
2020-06-02 20:00:18,565 - views - 17084 - 15040 - INFO - Test logging, post_list view before 
2020-06-02 20:00:18,565 - views - 17084 - 15040 - INFO - Test logging, post_list view after
2020-06-02 20:00:23,913 - views - 17084 - 15040 - INFO - Test logging, post_list view before 
2020-06-02 20:00:23,914 - views - 17084 - 15040 - INFO - Test logging, post_list view after
2020-06-02 20:00:28,420 - views - 17084 - 15040 - INFO - Test logging, post_list view before 
2020-06-02 20:00:28,420 - views - 17084 - 15040 - INFO - Test logging, post_list view after
2020-06-02 20:00:33,671 - views - 17084 - 15040 - INFO - Test logging, post_list view before 
2020-06-02 20:00:33,672 - views - 17084 - 15040 - INFO - Test logging, post_list view after
2020-06-02 20:00:39,246 - views - 17084 - 15040 - INFO - Test logging, post_list view before 
2020-06-02 20:00:39,247 - views - 17084 - 15040 - INFO - Test logging, post_list view after
